Log file open, 11/05/19 00:29:19
LogWindows: Failed to load 'aqProf.dll' (GetLastError=126)
LogWindows: File 'aqProf.dll' does not exist
LogWindows: Failed to load 'VtuneApi.dll' (GetLastError=126)
LogWindows: File 'VtuneApi.dll' does not exist
LogWindows: Failed to load 'VtuneApi32e.dll' (GetLastError=126)
LogWindows: File 'VtuneApi32e.dll' does not exist
LogConsoleResponse: Display: Failed to find resolution value strings in scalability ini. Falling back to default.
LogInit: Display: Running engine for game: StarterContent
LogPakFile: Registered encryption key '00000000000000000000000000000000': 0 pak files mounted, 0 remain pending
LogPlatformFile: Not using cached read wrapper
LogTaskGraph: Started task graph with 5 named threads and 23 total threads with 3 sets of task threads.
LogStats: Stats thread started at 0.292223
LogD3D11RHI: Loaded GFSDK_Aftermath_Lib.x64.dll
LogICUInternationalization: ICU TimeZone Detection - Raw Offset: +6:00, Platform Override: ''
LogPluginManager: Mounting plugin AlembicImporter
LogPluginManager: Mounting plugin GeometryCache
LogPluginManager: Mounting plugin ActorSequence
LogPluginManager: Mounting plugin ActorSequenceEditor
LogStreaming: Display: Took  0.033s to configure plugins.
LogInit: Build: ++UE4+Release-4.21-CL-4753647
LogInit: Engine Version: 4.21.2-4753647+++UE4+Release-4.21
LogInit: Compatible Engine Version: 4.21.0-4541578+++UE4+Release-4.21
LogInit: Net CL: 4541578
LogInit: OS: Windows 10 (), CPU: Intel(R) Core(TM) i7 CPU         870  @ 2.93GHz, GPU: NVIDIA GeForce GTX 750 Ti
LogInit: Compiled (64-bit): Jan 19 2019 02:07:31
LogInit: Compiled with Visual C++: 19.13.26129.00
LogInit: Build Configuration: Development
LogInit: Branch Name: ++UE4+Release-4.21
LogInit: Command Line:  -EpicPortal -epicusername=Asterot13 -epicuserid=b20bcdc3db3f45c7b5d1d50cd75defb7 -epiclocale=ru-RU
LogInit: Base Directory: F:/Games/UEGames/UE_4.21/Engine/Binaries/Win64/
LogInit: Installed Engine Build: 1
LogDevObjectVersion: Number of dev versions registered: 22
LogDevObjectVersion:   Dev-Blueprints (B0D832E4-1F89-4F0D-ACCF-7EB736FD4AA2): 10
LogDevObjectVersion:   Dev-Build (E1C64328-A22C-4D53-A36C-8E866417BD8C): 0
LogDevObjectVersion:   Dev-Core (375EC13C-06E4-48FB-B500-84F0262A717E): 2
LogDevObjectVersion:   Dev-Editor (E4B068ED-F494-42E9-A231-DA0B2E46BB41): 26
LogDevObjectVersion:   Dev-Framework (CFFC743F-43B0-4480-9391-14DF171D2073): 34
LogDevObjectVersion:   Dev-Mobile (B02B49B5-BB20-44E9-A304-32B752E40360): 2
LogDevObjectVersion:   Dev-Networking (A4E4105C-59A1-49B5-A7C5-40C4547EDFEE): 0
LogDevObjectVersion:   Dev-Online (39C831C9-5AE6-47DC-9A44-9C173E1C8E7C): 0
LogDevObjectVersion:   Dev-Physics (78F01B33-EBEA-4F98-B9B4-84EACCB95AA2): 0
LogDevObjectVersion:   Dev-Platform (6631380F-2D4D-43E0-8009-CF276956A95A): 0
LogDevObjectVersion:   Dev-Rendering (12F88B9F-8875-4AFC-A67C-D90C383ABD29): 27
LogDevObjectVersion:   Dev-Sequencer (7B5AE74C-D270-4C10-A958-57980B212A5A): 9
LogDevObjectVersion:   Dev-VR (D7296918-1DD6-4BDD-9DE2-64A83CC13884): 2
LogDevObjectVersion:   Dev-LoadTimes (C2A15278-BFE7-4AFE-6C17-90FF531DF755): 1
LogDevObjectVersion:   Private-Geometry (6EACA3D4-40EC-4CC1-B786-8BED09428FC5): 3
LogDevObjectVersion:   Dev-AnimPhys (29E575DD-E0A3-4627-9D10-D276232CDCEA): 17
LogDevObjectVersion:   Dev-Anim (AF43A65D-7FD3-4947-9873-3E8ED9C1BB05): 2
LogDevObjectVersion:   Dev-ReflectionCapture (6B266CEC-1EC7-4B8F-A30B-E4D90942FC07): 1
LogDevObjectVersion:   Dev-Automation (0DF73D61-A23F-47EA-B727-89E90C41499A): 1
LogDevObjectVersion:   FortniteMain (601D1886-AC64-4F84-AA16-D3DE0DEAC7D6): 17
LogDevObjectVersion:   Dev-Enterprise (9DFFBCD6-494F-0158-E221-12823C92A888): 4
LogDevObjectVersion:   Dev-Niagara (F2AED0AC-9AFE-416F-8664-AA7FFA26D6FC): 1
LogStreaming: Display: Took  0.000s to delete old logs.
LogInit: Presizing for max 8388607 objects, including 0 objects not considered by GC, pre-allocating 0 bytes for permanent pool.
LogInit: Object subsystem initialized
LogConfig: Setting CVar [[con.DebugEarlyDefault:1]]
LogConfig: Setting CVar [[r.setres:1280x720]]
[2019.11.04-18.29.19:397][  0]LogConfig: Setting CVar [[r.VSync:0]]
[2019.11.04-18.29.19:397][  0]LogConfig: Setting CVar [[r.RHICmdBypass:0]]
[2019.11.04-18.29.19:398][  0]LogConfig: Applying CVar settings from Section [/Script/Engine.RendererSettings] File [F:/UE4/repos/BattleTank/StarterContent/Saved/Config/Windows/Engine.ini]
[2019.11.04-18.29.19:398][  0]LogConfig: Setting CVar [[r.GPUCrashDebugging:0]]
[2019.11.04-18.29.19:398][  0]LogConfig: Applying CVar settings from Section [/Script/Engine.RendererOverrideSettings] File [F:/UE4/repos/BattleTank/StarterContent/Saved/Config/Windows/Engine.ini]
[2019.11.04-18.29.19:398][  0]LogConfig: Applying CVar settings from Section [/Script/Engine.StreamingSettings] File [F:/UE4/repos/BattleTank/StarterContent/Saved/Config/Windows/Engine.ini]
[2019.11.04-18.29.19:398][  0]LogConfig: Setting CVar [[s.MinBulkDataSizeForAsyncLoading:131072]]
[2019.11.04-18.29.19:398][  0]LogConfig: Setting CVar [[s.AsyncLoadingThreadEnabled:0]]
[2019.11.04-18.29.19:398][  0]LogConfig: Setting CVar [[s.EventDrivenLoaderEnabled:1]]
[2019.11.04-18.29.19:398][  0]LogConfig: Setting CVar [[s.WarnIfTimeLimitExceeded:0]]
[2019.11.04-18.29.19:398][  0]LogConfig: Setting CVar [[s.TimeLimitExceededMultiplier:1.5]]
[2019.11.04-18.29.19:398][  0]LogConfig: Setting CVar [[s.TimeLimitExceededMinTime:0.005]]
[2019.11.04-18.29.19:398][  0]LogConfig: Setting CVar [[s.UseBackgroundLevelStreaming:1]]
[2019.11.04-18.29.19:398][  0]LogConfig: Setting CVar [[s.PriorityAsyncLoadingExtraTime:15.0]]
[2019.11.04-18.29.19:398][  0]LogConfig: Setting CVar [[s.LevelStreamingActorsUpdateTimeLimit:5.0]]
[2019.11.04-18.29.19:398][  0]LogConfig: Setting CVar [[s.PriorityLevelStreamingActorsUpdateExtraTime:5.0]]
[2019.11.04-18.29.19:398][  0]LogConfig: Setting CVar [[s.LevelStreamingComponentsRegistrationGranularity:10]]
[2019.11.04-18.29.19:398][  0]LogConfig: Setting CVar [[s.UnregisterComponentsTimeLimit:1.0]]
[2019.11.04-18.29.19:398][  0]LogConfig: Setting CVar [[s.LevelStreamingComponentsUnregistrationGranularity:5]]
[2019.11.04-18.29.19:398][  0]LogConfig: Applying CVar settings from Section [/Script/Engine.GarbageCollectionSettings] File [F:/UE4/repos/BattleTank/StarterContent/Saved/Config/Windows/Engine.ini]
[2019.11.04-18.29.19:398][  0]LogConfig: Setting CVar [[gc.MaxObjectsNotConsideredByGC:1]]
[2019.11.04-18.29.19:398][  0]LogConfig: Setting CVar [[gc.SizeOfPermanentObjectPool:0]]
[2019.11.04-18.29.19:398][  0]LogConfig: Setting CVar [[gc.FlushStreamingOnGC:0]]
[2019.11.04-18.29.19:398][  0]LogConfig: Setting CVar [[gc.NumRetriesBeforeForcingGC:10]]
[2019.11.04-18.29.19:398][  0]LogConfig: Setting CVar [[gc.AllowParallelGC:1]]
[2019.11.04-18.29.19:398][  0]LogConfig: Setting CVar [[gc.TimeBetweenPurgingPendingKillObjects:61.1]]
[2019.11.04-18.29.19:398][  0]LogConfig: Setting CVar [[gc.MaxObjectsInEditor:8388607]]
[2019.11.04-18.29.19:398][  0]LogConfig: Setting CVar [[gc.IncrementalBeginDestroyEnabled:1]]
[2019.11.04-18.29.19:398][  0]LogConfig: Setting CVar [[gc.CreateGCClusters:1]]
[2019.11.04-18.29.19:398][  0]LogConfig: Setting CVar [[gc.MergeGCClusters:0]]
[2019.11.04-18.29.19:398][  0]LogConfig: Setting CVar [[gc.MinGCClusterSize:5]]
[2019.11.04-18.29.19:398][  0]LogConfig: Setting CVar [[gc.ActorClusteringEnabled:0]]
[2019.11.04-18.29.19:398][  0]LogConfig: Setting CVar [[gc.BlueprintClusteringEnabled:0]]
[2019.11.04-18.29.19:398][  0]LogConfig: Setting CVar [[gc.UseDisregardForGCOnDedicatedServers:0]]
[2019.11.04-18.29.19:398][  0]LogConfig: Applying CVar settings from Section [/Script/Engine.NetworkSettings] File [F:/UE4/repos/BattleTank/StarterContent/Saved/Config/Windows/Engine.ini]
[2019.11.04-18.29.19:398][  0]LogConfig: Applying CVar settings from Section [/Script/UnrealEd.CookerSettings] File [F:/UE4/repos/BattleTank/StarterContent/Saved/Config/Windows/Engine.ini]
[2019.11.04-18.29.19:401][  0]LogConfig: Applying CVar settings from Section [ViewDistanceQuality@3] File [F:/UE4/repos/BattleTank/StarterContent/Saved/Config/Windows/Scalability.ini]
[2019.11.04-18.29.19:401][  0]LogConfig: Setting CVar [[r.SkeletalMeshLODBias:0]]
[2019.11.04-18.29.19:401][  0]LogConfig: Setting CVar [[r.ViewDistanceScale:1.0]]
[2019.11.04-18.29.19:401][  0]LogConfig: Applying CVar settings from Section [AntiAliasingQuality@3] File [F:/UE4/repos/BattleTank/StarterContent/Saved/Config/Windows/Scalability.ini]
[2019.11.04-18.29.19:401][  0]LogConfig: Setting CVar [[r.PostProcessAAQuality:4]]
[2019.11.04-18.29.19:401][  0]LogConfig: Applying CVar settings from Section [ShadowQuality@3] File [F:/UE4/repos/BattleTank/StarterContent/Saved/Config/Windows/Scalability.ini]
[2019.11.04-18.29.19:401][  0]LogConfig: Setting CVar [[r.LightFunctionQuality:1]]
[2019.11.04-18.29.19:401][  0]LogConfig: Setting CVar [[r.ShadowQuality:5]]
[2019.11.04-18.29.19:401][  0]LogConfig: Setting CVar [[r.Shadow.CSM.MaxCascades:10]]
[2019.11.04-18.29.19:401][  0]LogConfig: Setting CVar [[r.Shadow.MaxResolution:2048]]
[2019.11.04-18.29.19:401][  0]LogConfig: Setting CVar [[r.Shadow.MaxCSMResolution:2048]]
[2019.11.04-18.29.19:401][  0]LogConfig: Setting CVar [[r.Shadow.RadiusThreshold:0.01]]
[2019.11.04-18.29.19:401][  0]LogConfig: Setting CVar [[r.Shadow.DistanceScale:1.0]]
[2019.11.04-18.29.19:401][  0]LogConfig: Setting CVar [[r.Shadow.CSM.TransitionScale:1.0]]
[2019.11.04-18.29.19:401][  0]LogConfig: Setting CVar [[r.Shadow.PreShadowResolutionFactor:1.0]]
[2019.11.04-18.29.19:401][  0]LogConfig: Setting CVar [[r.DistanceFieldShadowing:1]]
[2019.11.04-18.29.19:401][  0]LogConfig: Setting CVar [[r.DistanceFieldAO:1]]
[2019.11.04-18.29.19:401][  0]LogConfig: Setting CVar [[r.AOQuality:2]]
[2019.11.04-18.29.19:401][  0]LogConfig: Setting CVar [[r.VolumetricFog:1]]
[2019.11.04-18.29.19:401][  0]LogConfig: Setting CVar [[r.VolumetricFog.GridPixelSize:8]]
[2019.11.04-18.29.19:401][  0]LogConfig: Setting CVar [[r.VolumetricFog.GridSizeZ:128]]
[2019.11.04-18.29.19:401][  0]LogConfig: Setting CVar [[r.VolumetricFog.HistoryMissSupersampleCount:4]]
[2019.11.04-18.29.19:401][  0]LogConfig: Setting CVar [[r.LightMaxDrawDistanceScale:1]]
[2019.11.04-18.29.19:401][  0]LogConfig: Setting CVar [[r.CapsuleShadows:1]]
[2019.11.04-18.29.19:401][  0]LogConfig: Applying CVar settings from Section [PostProcessQuality@3] File [F:/UE4/repos/BattleTank/StarterContent/Saved/Config/Windows/Scalability.ini]
[2019.11.04-18.29.19:401][  0]LogConfig: Setting CVar [[r.MotionBlurQuality:4]]
[2019.11.04-18.29.19:401][  0]LogConfig: Setting CVar [[r.AmbientOcclusionMipLevelFactor:0.4]]
[2019.11.04-18.29.19:401][  0]LogConfig: Setting CVar [[r.AmbientOcclusionMaxQuality:100]]
[2019.11.04-18.29.19:401][  0]LogConfig: Setting CVar [[r.AmbientOcclusionLevels:-1]]
[2019.11.04-18.29.19:401][  0]LogConfig: Setting CVar [[r.AmbientOcclusionRadiusScale:1.0]]
[2019.11.04-18.29.19:401][  0]LogConfig: Setting CVar [[r.DepthOfFieldQuality:2]]
[2019.11.04-18.29.19:401][  0]LogConfig: Setting CVar [[r.RenderTargetPoolMin:400]]
[2019.11.04-18.29.19:401][  0]LogConfig: Setting CVar [[r.LensFlareQuality:2]]
[2019.11.04-18.29.19:401][  0]LogConfig: Setting CVar [[r.SceneColorFringeQuality:1]]
[2019.11.04-18.29.19:401][  0]LogConfig: Setting CVar [[r.EyeAdaptationQuality:2]]
[2019.11.04-18.29.19:401][  0]LogConfig: Setting CVar [[r.BloomQuality:5]]
[2019.11.04-18.29.19:401][  0]LogConfig: Setting CVar [[r.FastBlurThreshold:100]]
[2019.11.04-18.29.19:401][  0]LogConfig: Setting CVar [[r.Upscale.Quality:3]]
[2019.11.04-18.29.19:401][  0]LogConfig: Setting CVar [[r.Tonemapper.GrainQuantization:1]]
[2019.11.04-18.29.19:401][  0]LogConfig: Setting CVar [[r.LightShaftQuality:1]]
[2019.11.04-18.29.19:401][  0]LogConfig: Setting CVar [[r.Filter.SizeScale:1]]
[2019.11.04-18.29.19:401][  0]LogConfig: Setting CVar [[r.Tonemapper.Quality:5]]
[2019.11.04-18.29.19:401][  0]LogConfig: Setting CVar [[r.DOF.Gather.AccumulatorQuality:1        ; higher gathering accumulator quality]]
[2019.11.04-18.29.19:401][  0]LogConfig: Setting CVar [[r.DOF.Gather.PostfilterMethod:1          ; Median3x3 postfilering method]]
[2019.11.04-18.29.19:401][  0]LogConfig: Setting CVar [[r.DOF.Gather.EnableBokehSettings:0       ; no bokeh simulation when gathering]]
[2019.11.04-18.29.19:401][  0]LogConfig: Setting CVar [[r.DOF.Gather.RingCount:4                 ; medium number of samples when gathering]]
[2019.11.04-18.29.19:401][  0]LogConfig: Setting CVar [[r.DOF.Scatter.ForegroundCompositing:1    ; additive foreground scattering]]
[2019.11.04-18.29.19:401][  0]LogConfig: Setting CVar [[r.DOF.Scatter.BackgroundCompositing:2    ; additive background scattering]]
[2019.11.04-18.29.19:401][  0]LogConfig: Setting CVar [[r.DOF.Scatter.EnableBokehSettings:1      ; bokeh simulation when scattering]]
[2019.11.04-18.29.19:401][  0]LogConfig: Setting CVar [[r.DOF.Scatter.MaxSpriteRatio:0.1         ; only a maximum of 10% of scattered bokeh]]
[2019.11.04-18.29.19:401][  0]LogConfig: Setting CVar [[r.DOF.Recombine.Quality:1                ; cheap slight out of focus]]
[2019.11.04-18.29.19:401][  0]LogConfig: Setting CVar [[r.DOF.Recombine.EnableBokehSettings:0    ; no bokeh simulation on slight out of focus]]
[2019.11.04-18.29.19:402][  0]LogConfig: Setting CVar [[r.DOF.TemporalAAQuality:1                ; more stable temporal accumulation]]
[2019.11.04-18.29.19:402][  0]LogConfig: Setting CVar [[r.DOF.Kernel.MaxForegroundRadius:0.025]]
[2019.11.04-18.29.19:402][  0]LogConfig: Setting CVar [[r.DOF.Kernel.MaxBackgroundRadius:0.025]]
[2019.11.04-18.29.19:402][  0]LogConfig: Applying CVar settings from Section [TextureQuality@3] File [F:/UE4/repos/BattleTank/StarterContent/Saved/Config/Windows/Scalability.ini]
[2019.11.04-18.29.19:402][  0]LogConfig: Setting CVar [[r.Streaming.MipBias:0]]
[2019.11.04-18.29.19:402][  0]LogConfig: Setting CVar [[r.Streaming.AmortizeCPUToGPUCopy:0]]
[2019.11.04-18.29.19:402][  0]LogConfig: Setting CVar [[r.Streaming.MaxNumTexturesToStreamPerFrame:0]]
[2019.11.04-18.29.19:402][  0]LogConfig: Setting CVar [[r.Streaming.Boost:1]]
[2019.11.04-18.29.19:402][  0]LogConfig: Setting CVar [[r.MaxAnisotropy:8]]
[2019.11.04-18.29.19:402][  0]LogConfig: Setting CVar [[r.Streaming.LimitPoolSizeToVRAM:0]]
[2019.11.04-18.29.19:402][  0]LogConfig: Setting CVar [[r.Streaming.PoolSize:1000]]
[2019.11.04-18.29.19:402][  0]LogConfig: Setting CVar [[r.Streaming.MaxEffectiveScreenSize:0]]
[2019.11.04-18.29.19:402][  0]LogConfig: Applying CVar settings from Section [EffectsQuality@3] File [F:/UE4/repos/BattleTank/StarterContent/Saved/Config/Windows/Scalability.ini]
[2019.11.04-18.29.19:402][  0]LogConfig: Setting CVar [[r.TranslucencyLightingVolumeDim:64]]
[2019.11.04-18.29.19:402][  0]LogConfig: Setting CVar [[r.RefractionQuality:2]]
[2019.11.04-18.29.19:402][  0]LogConfig: Setting CVar [[r.SSR.Quality:3]]
[2019.11.04-18.29.19:402][  0]LogConfig: Setting CVar [[r.SceneColorFormat:4]]
[2019.11.04-18.29.19:402][  0]LogConfig: Setting CVar [[r.DetailMode:2]]
[2019.11.04-18.29.19:402][  0]LogConfig: Setting CVar [[r.TranslucencyVolumeBlur:1]]
[2019.11.04-18.29.19:402][  0]LogConfig: Setting CVar [[r.MaterialQualityLevel:1 ; High quality]]
[2019.11.04-18.29.19:402][  0]LogConfig: Setting CVar [[r.SSS.Scale:1]]
[2019.11.04-18.29.19:402][  0]LogConfig: Setting CVar [[r.SSS.SampleSet:2]]
[2019.11.04-18.29.19:402][  0]LogConfig: Setting CVar [[r.SSS.Quality:1]]
[2019.11.04-18.29.19:402][  0]LogConfig: Setting CVar [[r.SSS.HalfRes:1]]
[2019.11.04-18.29.19:402][  0]LogConfig: Setting CVar [[r.EmitterSpawnRateScale:1.0]]
[2019.11.04-18.29.19:402][  0]LogConfig: Setting CVar [[r.ParticleLightQuality:2]]
[2019.11.04-18.29.19:402][  0]LogConfig: Applying CVar settings from Section [FoliageQuality@3] File [F:/UE4/repos/BattleTank/StarterContent/Saved/Config/Windows/Scalability.ini]
[2019.11.04-18.29.19:402][  0]LogConfig: Setting CVar [[foliage.DensityScale:1.0]]
[2019.11.04-18.29.19:402][  0]LogConfig: Setting CVar [[grass.DensityScale:1.0]]
[2019.11.04-18.29.19:412][  0]LogModuleManager: Warning: ModuleManager: Unable to load module 'ExampleDeviceProfileSelector'  - 0 instances of that module name found.
[2019.11.04-18.29.19:412][  0]LogInit: Applying CVar settings loaded from the selected device profile: [Windows]
[2019.11.04-18.29.19:429][  0]LogHAL: Display: Platform has ~ 8 GB [8546988032 / 8589934592 / 8], which maps to Default [LargestMinGB=32, LargerMinGB=12, DefaultMinGB=8, SmallerMinGB=6, SmallestMinGB=0)
[2019.11.04-18.29.19:429][  0]LogConfig: Setting CVar [[r.Vulkan.UseRealUBs:1]]
[2019.11.04-18.29.19:429][  0]LogInit: Going up to parent DeviceProfile []
[2019.11.04-18.29.19:429][  0]LogConfig: Applying CVar settings from Section [ViewDistanceQuality@3] File [F:/UE4/repos/BattleTank/StarterContent/Saved/Config/Windows/Scalability.ini]
[2019.11.04-18.29.19:429][  0]LogConfig: Setting CVar [[r.SkeletalMeshLODBias:0]]
[2019.11.04-18.29.19:429][  0]LogConfig: Setting CVar [[r.ViewDistanceScale:1.0]]
[2019.11.04-18.29.19:429][  0]LogConfig: Applying CVar settings from Section [AntiAliasingQuality@3] File [F:/UE4/repos/BattleTank/StarterContent/Saved/Config/Windows/Scalability.ini]
[2019.11.04-18.29.19:429][  0]LogConfig: Setting CVar [[r.PostProcessAAQuality:4]]
[2019.11.04-18.29.19:429][  0]LogConfig: Applying CVar settings from Section [ShadowQuality@3] File [F:/UE4/repos/BattleTank/StarterContent/Saved/Config/Windows/Scalability.ini]
[2019.11.04-18.29.19:429][  0]LogConfig: Setting CVar [[r.LightFunctionQuality:1]]
[2019.11.04-18.29.19:429][  0]LogConfig: Setting CVar [[r.ShadowQuality:5]]
[2019.11.04-18.29.19:429][  0]LogConfig: Setting CVar [[r.Shadow.CSM.MaxCascades:10]]
[2019.11.04-18.29.19:429][  0]LogConfig: Setting CVar [[r.Shadow.MaxResolution:2048]]
[2019.11.04-18.29.19:429][  0]LogConfig: Setting CVar [[r.Shadow.MaxCSMResolution:2048]]
[2019.11.04-18.29.19:429][  0]LogConfig: Setting CVar [[r.Shadow.RadiusThreshold:0.01]]
[2019.11.04-18.29.19:429][  0]LogConfig: Setting CVar [[r.Shadow.DistanceScale:1.0]]
[2019.11.04-18.29.19:429][  0]LogConfig: Setting CVar [[r.Shadow.CSM.TransitionScale:1.0]]
[2019.11.04-18.29.19:429][  0]LogConfig: Setting CVar [[r.Shadow.PreShadowResolutionFactor:1.0]]
[2019.11.04-18.29.19:429][  0]LogConfig: Setting CVar [[r.DistanceFieldShadowing:1]]
[2019.11.04-18.29.19:429][  0]LogConfig: Setting CVar [[r.DistanceFieldAO:1]]
[2019.11.04-18.29.19:429][  0]LogConfig: Setting CVar [[r.AOQuality:2]]
[2019.11.04-18.29.19:429][  0]LogConfig: Setting CVar [[r.VolumetricFog:1]]
[2019.11.04-18.29.19:429][  0]LogConfig: Setting CVar [[r.VolumetricFog.GridPixelSize:8]]
[2019.11.04-18.29.19:429][  0]LogConfig: Setting CVar [[r.VolumetricFog.GridSizeZ:128]]
[2019.11.04-18.29.19:429][  0]LogConfig: Setting CVar [[r.VolumetricFog.HistoryMissSupersampleCount:4]]
[2019.11.04-18.29.19:429][  0]LogConfig: Setting CVar [[r.LightMaxDrawDistanceScale:1]]
[2019.11.04-18.29.19:429][  0]LogConfig: Setting CVar [[r.CapsuleShadows:1]]
[2019.11.04-18.29.19:429][  0]LogConfig: Applying CVar settings from Section [PostProcessQuality@3] File [F:/UE4/repos/BattleTank/StarterContent/Saved/Config/Windows/Scalability.ini]
[2019.11.04-18.29.19:429][  0]LogConfig: Setting CVar [[r.MotionBlurQuality:4]]
[2019.11.04-18.29.19:429][  0]LogConfig: Setting CVar [[r.AmbientOcclusionMipLevelFactor:0.4]]
[2019.11.04-18.29.19:429][  0]LogConfig: Setting CVar [[r.AmbientOcclusionMaxQuality:100]]
[2019.11.04-18.29.19:429][  0]LogConfig: Setting CVar [[r.AmbientOcclusionLevels:-1]]
[2019.11.04-18.29.19:429][  0]LogConfig: Setting CVar [[r.AmbientOcclusionRadiusScale:1.0]]
[2019.11.04-18.29.19:429][  0]LogConfig: Setting CVar [[r.DepthOfFieldQuality:2]]
[2019.11.04-18.29.19:429][  0]LogConfig: Setting CVar [[r.RenderTargetPoolMin:400]]
[2019.11.04-18.29.19:429][  0]LogConfig: Setting CVar [[r.LensFlareQuality:2]]
[2019.11.04-18.29.19:429][  0]LogConfig: Setting CVar [[r.SceneColorFringeQuality:1]]
[2019.11.04-18.29.19:429][  0]LogConfig: Setting CVar [[r.EyeAdaptationQuality:2]]
[2019.11.04-18.29.19:429][  0]LogConfig: Setting CVar [[r.BloomQuality:5]]
[2019.11.04-18.29.19:429][  0]LogConfig: Setting CVar [[r.FastBlurThreshold:100]]
[2019.11.04-18.29.19:429][  0]LogConfig: Setting CVar [[r.Upscale.Quality:3]]
[2019.11.04-18.29.19:429][  0]LogConfig: Setting CVar [[r.Tonemapper.GrainQuantization:1]]
[2019.11.04-18.29.19:429][  0]LogConfig: Setting CVar [[r.LightShaftQuality:1]]
[2019.11.04-18.29.19:429][  0]LogConfig: Setting CVar [[r.Filter.SizeScale:1]]
[2019.11.04-18.29.19:430][  0]LogConfig: Setting CVar [[r.Tonemapper.Quality:5]]
[2019.11.04-18.29.19:430][  0]LogConfig: Setting CVar [[r.DOF.Gather.AccumulatorQuality:1        ; higher gathering accumulator quality]]
[2019.11.04-18.29.19:430][  0]LogConfig: Setting CVar [[r.DOF.Gather.PostfilterMethod:1          ; Median3x3 postfilering method]]
[2019.11.04-18.29.19:430][  0]LogConfig: Setting CVar [[r.DOF.Gather.EnableBokehSettings:0       ; no bokeh simulation when gathering]]
[2019.11.04-18.29.19:430][  0]LogConfig: Setting CVar [[r.DOF.Gather.RingCount:4                 ; medium number of samples when gathering]]
[2019.11.04-18.29.19:430][  0]LogConfig: Setting CVar [[r.DOF.Scatter.ForegroundCompositing:1    ; additive foreground scattering]]
[2019.11.04-18.29.19:430][  0]LogConfig: Setting CVar [[r.DOF.Scatter.BackgroundCompositing:2    ; additive background scattering]]
[2019.11.04-18.29.19:430][  0]LogConfig: Setting CVar [[r.DOF.Scatter.EnableBokehSettings:1      ; bokeh simulation when scattering]]
[2019.11.04-18.29.19:430][  0]LogConfig: Setting CVar [[r.DOF.Scatter.MaxSpriteRatio:0.1         ; only a maximum of 10% of scattered bokeh]]
[2019.11.04-18.29.19:430][  0]LogConfig: Setting CVar [[r.DOF.Recombine.Quality:1                ; cheap slight out of focus]]
[2019.11.04-18.29.19:430][  0]LogConfig: Setting CVar [[r.DOF.Recombine.EnableBokehSettings:0    ; no bokeh simulation on slight out of focus]]
[2019.11.04-18.29.19:430][  0]LogConfig: Setting CVar [[r.DOF.TemporalAAQuality:1                ; more stable temporal accumulation]]
[2019.11.04-18.29.19:430][  0]LogConfig: Setting CVar [[r.DOF.Kernel.MaxForegroundRadius:0.025]]
[2019.11.04-18.29.19:430][  0]LogConfig: Setting CVar [[r.DOF.Kernel.MaxBackgroundRadius:0.025]]
[2019.11.04-18.29.19:430][  0]LogConfig: Applying CVar settings from Section [TextureQuality@3] File [F:/UE4/repos/BattleTank/StarterContent/Saved/Config/Windows/Scalability.ini]
[2019.11.04-18.29.19:430][  0]LogConfig: Setting CVar [[r.Streaming.MipBias:0]]
[2019.11.04-18.29.19:430][  0]LogConfig: Setting CVar [[r.Streaming.AmortizeCPUToGPUCopy:0]]
[2019.11.04-18.29.19:430][  0]LogConfig: Setting CVar [[r.Streaming.MaxNumTexturesToStreamPerFrame:0]]
[2019.11.04-18.29.19:430][  0]LogConfig: Setting CVar [[r.Streaming.Boost:1]]
[2019.11.04-18.29.19:430][  0]LogConfig: Setting CVar [[r.MaxAnisotropy:8]]
[2019.11.04-18.29.19:430][  0]LogConfig: Setting CVar [[r.Streaming.LimitPoolSizeToVRAM:0]]
[2019.11.04-18.29.19:430][  0]LogConfig: Setting CVar [[r.Streaming.PoolSize:1000]]
[2019.11.04-18.29.19:430][  0]LogConfig: Setting CVar [[r.Streaming.MaxEffectiveScreenSize:0]]
[2019.11.04-18.29.19:430][  0]LogConfig: Applying CVar settings from Section [EffectsQuality@3] File [F:/UE4/repos/BattleTank/StarterContent/Saved/Config/Windows/Scalability.ini]
[2019.11.04-18.29.19:430][  0]LogConfig: Setting CVar [[r.TranslucencyLightingVolumeDim:64]]
[2019.11.04-18.29.19:430][  0]LogConfig: Setting CVar [[r.RefractionQuality:2]]
[2019.11.04-18.29.19:430][  0]LogConfig: Setting CVar [[r.SSR.Quality:3]]
[2019.11.04-18.29.19:430][  0]LogConfig: Setting CVar [[r.SceneColorFormat:4]]
[2019.11.04-18.29.19:430][  0]LogConfig: Setting CVar [[r.DetailMode:2]]
[2019.11.04-18.29.19:430][  0]LogConfig: Setting CVar [[r.TranslucencyVolumeBlur:1]]
[2019.11.04-18.29.19:430][  0]LogConfig: Setting CVar [[r.MaterialQualityLevel:1 ; High quality]]
[2019.11.04-18.29.19:430][  0]LogConfig: Setting CVar [[r.SSS.Scale:1]]
[2019.11.04-18.29.19:430][  0]LogConfig: Setting CVar [[r.SSS.SampleSet:2]]
[2019.11.04-18.29.19:430][  0]LogConfig: Setting CVar [[r.SSS.Quality:1]]
[2019.11.04-18.29.19:430][  0]LogConfig: Setting CVar [[r.SSS.HalfRes:1]]
[2019.11.04-18.29.19:430][  0]LogConfig: Setting CVar [[r.EmitterSpawnRateScale:1.0]]
[2019.11.04-18.29.19:430][  0]LogConfig: Setting CVar [[r.ParticleLightQuality:2]]
[2019.11.04-18.29.19:430][  0]LogConfig: Applying CVar settings from Section [FoliageQuality@3] File [F:/UE4/repos/BattleTank/StarterContent/Saved/Config/Windows/Scalability.ini]
[2019.11.04-18.29.19:430][  0]LogConfig: Setting CVar [[foliage.DensityScale:1.0]]
[2019.11.04-18.29.19:430][  0]LogConfig: Setting CVar [[grass.DensityScale:1.0]]
[2019.11.04-18.29.19:430][  0]LogConfig: Applying CVar settings from Section [Startup] File [../../../Engine/Config/ConsoleVariables.ini]
[2019.11.04-18.29.19:431][  0]LogConfig: Setting CVar [[net.UseAdaptiveNetUpdateFrequency:0]]
[2019.11.04-18.29.19:431][  0]LogConfig: Applying CVar settings from Section [ConsoleVariables] File [F:/UE4/repos/BattleTank/StarterContent/Saved/Config/Windows/Engine.ini]
[2019.11.04-18.29.19:431][  0]LogInit: Computer: DESKTOP-TN81HBS
[2019.11.04-18.29.19:431][  0]LogInit: User: Виталий
[2019.11.04-18.29.19:431][  0]LogInit: CPU Page size=4096, Cores=4
[2019.11.04-18.29.19:431][  0]LogInit: High frequency timer resolution =10.000000 MHz
[2019.11.04-18.29.19:431][  0]LogMemory: Memory total: Physical=8.0GB (8GB approx)
[2019.11.04-18.29.19:431][  0]LogMemory: Platform Memory Stats for Windows
[2019.11.04-18.29.19:431][  0]LogMemory: Process Physical Memory: 85.13 MB used, 85.14 MB peak
[2019.11.04-18.29.19:431][  0]LogMemory: Process Virtual Memory: 80.06 MB used, 80.06 MB peak
[2019.11.04-18.29.19:431][  0]LogMemory: Physical Memory: 4866.27 MB used,  3284.77 MB free, 8151.04 MB total
[2019.11.04-18.29.19:431][  0]LogMemory: Virtual Memory: 4596.13 MB used,  134213128.00 MB free, 134217728.00 MB total
[2019.11.04-18.29.19:449][  0]LogInit: Using OS detected language (ru-RU).
[2019.11.04-18.29.19:449][  0]LogInit: Using OS detected locale (ru-KZ).
[2019.11.04-18.29.19:450][  0]LogTextLocalizationManager: No localization for 'ru-RU' exists, so 'en' will be used for the language.
[2019.11.04-18.29.20:358][  0]LogStreaming: Display: Took  0.908s to InitEngineTextLocalization.
[2019.11.04-18.29.20:358][  0]LogInit: Setting process to per monitor DPI aware
[2019.11.04-18.29.20:436][  0]LogSlate: New Slate User Created.  User Index 0, Is Virtual User: 0
[2019.11.04-18.29.20:436][  0]LogSlate: Slate User Registered.  User Index 0, Is Virtual User: 0
[2019.11.04-18.29.20:673][  0]LogD3D11RHI: D3D11 adapters:
[2019.11.04-18.29.20:750][  0]LogD3D11RHI:    0. 'NVIDIA GeForce GTX 750 Ti' (Feature Level 11_0)
[2019.11.04-18.29.20:750][  0]LogD3D11RHI:       2007/0/4075 MB DedicatedVideo/DedicatedSystem/SharedSystem, Outputs:1, VendorId:0x10de
[2019.11.04-18.29.20:752][  0]LogD3D11RHI:    1. 'Microsoft Basic Render Driver' (Feature Level 11_0)
[2019.11.04-18.29.20:752][  0]LogD3D11RHI:       0/0/4075 MB DedicatedVideo/DedicatedSystem/SharedSystem, Outputs:0, VendorId:0x1414
[2019.11.04-18.29.20:753][  0]LogD3D11RHI: Chosen D3D11 Adapter: 0
[2019.11.04-18.29.20:760][  0]LogD3D11RHI: Creating new Direct3DDevice
[2019.11.04-18.29.20:760][  0]LogD3D11RHI:     GPU DeviceId: 0x1380 (for the marketing name, search the web for "GPU Device Id")
[2019.11.04-18.29.20:760][  0]LogWindows: EnumDisplayDevices:
[2019.11.04-18.29.20:760][  0]LogWindows:    0. 'NVIDIA GeForce GTX 750 Ti' (P:1 D:1)
[2019.11.04-18.29.20:761][  0]LogWindows:    1. 'NVIDIA GeForce GTX 750 Ti' (P:0 D:0)
[2019.11.04-18.29.20:761][  0]LogWindows:    2. 'NVIDIA GeForce GTX 750 Ti' (P:0 D:0)
[2019.11.04-18.29.20:761][  0]LogWindows: DebugString: FoundDriverCount:3 
[2019.11.04-18.29.20:761][  0]LogD3D11RHI:     Adapter Name: NVIDIA GeForce GTX 750 Ti
[2019.11.04-18.29.20:761][  0]LogD3D11RHI:   Driver Version: 436.02 (internal:26.21.14.3602, unified:436.02)
[2019.11.04-18.29.20:761][  0]LogD3D11RHI:      Driver Date: 8-16-2019
[2019.11.04-18.29.20:761][  0]LogRHI: Texture pool is 1405 MB (70% of 2007 MB)
[2019.11.04-18.29.20:814][  0]LogD3D11RHI: Async texture creation enabled
[2019.11.04-18.29.20:833][  0]LogD3D11RHI: GPU Timing Frequency: 1000.000000 (Debug: 2 1)
[2019.11.04-18.29.21:181][  0]LogTemp: Display: Loaded TP AllDesktopTargetPlatform
[2019.11.04-18.29.21:199][  0]LogTemp: Display: Loaded TP MacClientTargetPlatform
[2019.11.04-18.29.21:217][  0]LogTemp: Display: Loaded TP MacNoEditorTargetPlatform
[2019.11.04-18.29.21:235][  0]LogTemp: Display: Loaded TP MacServerTargetPlatform
[2019.11.04-18.29.21:253][  0]LogTemp: Display: Loaded TP MacTargetPlatform
[2019.11.04-18.29.21:269][  0]LogTemp: Display: Loaded TP WindowsClientTargetPlatform
[2019.11.04-18.29.21:286][  0]LogTemp: Display: Loaded TP WindowsNoEditorTargetPlatform
[2019.11.04-18.29.21:303][  0]LogTemp: Display: Loaded TP WindowsServerTargetPlatform
[2019.11.04-18.29.21:310][  0]LogTemp: Display: Loaded TP WindowsTargetPlatform
[2019.11.04-18.29.21:409][  0]LogTemp: Display: Loaded TP AndroidTargetPlatform
[2019.11.04-18.29.21:409][  0]LogTemp: Display: Loaded TP AndroidTargetPlatform
[2019.11.04-18.29.21:409][  0]LogTemp: Display: Loaded TP AndroidTargetPlatform
[2019.11.04-18.29.21:409][  0]LogTemp: Display: Loaded TP AndroidTargetPlatform
[2019.11.04-18.29.21:409][  0]LogTemp: Display: Loaded TP AndroidTargetPlatform
[2019.11.04-18.29.21:409][  0]LogTemp: Display: Loaded TP AndroidTargetPlatform
[2019.11.04-18.29.21:409][  0]LogTemp: Display: Loaded TP AndroidTargetPlatform
[2019.11.04-18.29.21:409][  0]LogTemp: Display: Loaded TP AndroidTargetPlatform
[2019.11.04-18.29.21:409][  0]LogTemp: Display: Loaded TP AndroidTargetPlatform
[2019.11.04-18.29.21:409][  0]LogTemp: Display: Loaded TP AndroidTargetPlatform
[2019.11.04-18.29.21:409][  0]LogTemp: Display: Loaded TP AndroidTargetPlatform
[2019.11.04-18.29.21:409][  0]LogTemp: Display: Loaded TP AndroidTargetPlatform
[2019.11.04-18.29.21:409][  0]LogTemp: Display: Loaded TP AndroidTargetPlatform
[2019.11.04-18.29.21:409][  0]LogTemp: Display: Loaded TP AndroidTargetPlatform
[2019.11.04-18.29.21:409][  0]LogTemp: Display: Loaded TP AndroidTargetPlatform
[2019.11.04-18.29.21:409][  0]LogTemp: Display: Loaded TP AndroidTargetPlatform
[2019.11.04-18.29.21:409][  0]LogTemp: Display: Loaded TP AndroidTargetPlatform
[2019.11.04-18.29.21:409][  0]LogTemp: Display: Loaded TP AndroidTargetPlatform
[2019.11.04-18.29.21:410][  0]LogTemp: Display: Loaded TP HTML5TargetPlatform
[2019.11.04-18.29.21:478][  0]LogTemp: Display: Loaded TP IOSTargetPlatform
[2019.11.04-18.29.21:478][  0]LogTemp: Display: Loaded TP IOSTargetPlatform
[2019.11.04-18.29.21:509][  0]LogTemp: Display: Loaded TP TVOSTargetPlatform
[2019.11.04-18.29.21:509][  0]LogTemp: Display: Loaded TP TVOSTargetPlatform
[2019.11.04-18.29.21:528][  0]LogTemp: Display: Loaded TP LinuxClientTargetPlatform
[2019.11.04-18.29.21:546][  0]LogTemp: Display: Loaded TP LinuxNoEditorTargetPlatform
[2019.11.04-18.29.21:564][  0]LogTemp: Display: Loaded TP LinuxServerTargetPlatform
[2019.11.04-18.29.21:582][  0]LogTemp: Display: Loaded TP LinuxTargetPlatform
[2019.11.04-18.29.21:644][  0]LogTemp: Display: Loaded TP LuminTargetPlatform
[2019.11.04-18.29.21:644][  0]LogTemp: Display: Loaded TP LuminTargetPlatform
[2019.11.04-18.29.21:644][  0]LogTargetPlatformManager: Display: Building Assets For Windows
[2019.11.04-18.29.21:697][  0]LogShaderCompilers: Guid format shader working directory is -5 characters bigger than the processId version (../../../../../../UE4/repos/BattleTank/StarterContent/Intermediate/Shaders/WorkingDirectory/6320/).
[2019.11.04-18.29.21:697][  0]LogShaderCompilers: Cleaned the shader compiler working directory 'C:/Users/Виталий/AppData/Local/Temp/UnrealShaderWorkingDir/B0E615FA46DCD716DA9401A6D91178C3/'.
[2019.11.04-18.29.21:700][  0]LogXGEController: Cannot use XGE Controller as Incredibuild is not installed on this machine.
[2019.11.04-18.29.21:700][  0]LogShaderCompilers: Cannot use XGE Shader Compiler as Incredibuild is not installed on this machine.
[2019.11.04-18.29.21:700][  0]LogShaderCompilers: Display: Using Local Shader Compiler.
[2019.11.04-18.29.22:457][  0]LogDerivedDataCache: Display: Max Cache Size: 512 MB
[2019.11.04-18.29.22:527][  0]LogDerivedDataCache: Loaded boot cache 0.07s 71MB C:/Users/Виталий/AppData/Local/UnrealEngine/4.21/DerivedDataCache/Boot.ddc.
[2019.11.04-18.29.22:527][  0]LogDerivedDataCache: Display: Loaded Boot cache: C:/Users/Виталий/AppData/Local/UnrealEngine/4.21/DerivedDataCache/Boot.ddc
[2019.11.04-18.29.22:527][  0]LogDerivedDataCache: FDerivedDataBackendGraph:  Pak pak cache file ../../../../../../UE4/repos/BattleTank/StarterContent/DerivedDataCache/DDC.ddp not found, will not use a pak cache.
[2019.11.04-18.29.22:527][  0]LogDerivedDataCache: Unable to find inner node Pak for hierarchical cache Hierarchy.
[2019.11.04-18.29.22:527][  0]LogDerivedDataCache: FDerivedDataBackendGraph:  CompressedPak pak cache file ../../../../../../UE4/repos/BattleTank/StarterContent/DerivedDataCache/Compressed.ddp not found, will not use a pak cache.
[2019.11.04-18.29.22:527][  0]LogDerivedDataCache: Unable to find inner node CompressedPak for hierarchical cache Hierarchy.
[2019.11.04-18.29.22:546][  0]LogDerivedDataCache: Display: Pak cache opened for reading ../../../Engine/DerivedDataCache/Compressed.ddp.
[2019.11.04-18.29.22:546][  0]LogDerivedDataCache: FDerivedDataBackendGraph:  EnterprisePak pak cache file ../../../Enterprise/DerivedDataCache/Compressed.ddp not found, will not use a pak cache.
[2019.11.04-18.29.22:546][  0]LogDerivedDataCache: Unable to find inner node EnterprisePak for hierarchical cache Hierarchy.
[2019.11.04-18.29.22:558][  0]LogDerivedDataCache: Using Local data cache path C:/Users/Виталий/AppData/Local/UnrealEngine/Common/DerivedDataCache: Writable
[2019.11.04-18.29.22:558][  0]LogDerivedDataCache: Shared data cache path not found in *engine.ini, will not use an Shared cache.
[2019.11.04-18.29.22:558][  0]LogDerivedDataCache: Unable to find inner node Shared for hierarchical cache Hierarchy.
[2019.11.04-18.29.22:594][  0]LogMaterial: Verifying Global Shaders for PCD3D_SM5
[2019.11.04-18.29.22:596][  0]LogSlate: Using FreeType 2.6.0
[2019.11.04-18.29.22:596][  0]LogSlate: SlateFontServices - WITH_FREETYPE: 1, WITH_HARFBUZZ: 1
[2019.11.04-18.29.22:699][  0]LogAssetRegistry: FAssetRegistry took 0.0365 seconds to start up
[2019.11.04-18.29.23:155][  0]LogModuleManager: Warning: ModuleManager: Unable to load module 'ExampleDeviceProfileSelector'  - 0 instances of that module name found.
[2019.11.04-18.29.23:350][  0]LogSimplygon: Simplygon DLL not present - disabling.
[2019.11.04-18.29.23:352][  0]LogMeshReduction: Using SimplygonSwarm for distributed automatic mesh merging
[2019.11.04-18.29.23:352][  0]LogMeshReduction: Using QuadricMeshReduction for automatic static mesh reduction
[2019.11.04-18.29.23:352][  0]LogMeshReduction: No automatic skeletal mesh reduction module available
[2019.11.04-18.29.23:353][  0]LogMeshReduction: No automatic mesh merging module available
[2019.11.04-18.29.23:353][  0]LogMeshMerging: No automatic mesh merging module available
[2019.11.04-18.29.23:370][  0]LogNetVersion: StarterContent 1.0.0, NetCL: 4541578, EngineNetVer: 5, GameNetVer: 0 (Checksum: 1175336426)
[2019.11.04-18.29.23:931][  0]LogPackageLocalizationCache: Processed 2 localized package path(s) for 1 prioritized culture(s) in 0.013150 seconds
[2019.11.04-18.29.23:938][  0]LogUObjectArray: 37945 objects as part of root set at end of initial load.
[2019.11.04-18.29.23:938][  0]LogUObjectAllocator: 6555944 out of 0 bytes used by permanent object pool.
[2019.11.04-18.29.23:938][  0]LogUObjectArray: CloseDisregardForGC: 0/0 objects in disregard for GC pool
[2019.11.04-18.29.23:947][  0]LogInit: WinSock: version 1.1 (2.2), MaxSocks=32767, MaxUdp=65467
[2019.11.04-18.29.24:754][  0]LogLinker: Can't find file '/Script/OnlineSubsystemUtils'
[2019.11.04-18.29.24:754][  0]LogLinker: Can't find file '/Script/OnlineSubsystemUtils'
[2019.11.04-18.29.24:956][  0]LogEngine: Initializing Engine...
[2019.11.04-18.29.24:958][  0]LogStats: UGameplayTagsManager::ConstructGameplayTagTree: ImportINI prefixes -  0.000 s
[2019.11.04-18.29.24:958][  0]LogStats: UGameplayTagsManager::ConstructGameplayTagTree: Construct from data asset -  0.000 s
[2019.11.04-18.29.24:958][  0]LogStats: UGameplayTagsManager::ConstructGameplayTagTree: ImportINI -  0.000 s
[2019.11.04-18.29.24:958][  0]LogStats: UGameplayTagsManager::ConstructGameplayTagTree: GameplayTagTreeChangedEvent.Broadcast -  0.000 s
[2019.11.04-18.29.25:284][  0]LogInit: Initializing FReadOnlyCVARCache
[2019.11.04-18.29.25:302][  0]LogAIModule: Creating AISystem for world Untitled
[2019.11.04-18.29.25:324][  0]LogInit: XAudio2 using 'Динамики (High Definition Audio Device)' : 2 channels at 48 kHz using 16 bits per sample (channel mask 0x3)
[2019.11.04-18.29.25:354][  0]LogInit: FAudioDevice initialized.
[2019.11.04-18.29.25:355][  0]LogNetVersion: Set ProjectVersion to 1.0.0.0. Version Checksum will be recalculated on next use.
[2019.11.04-18.29.25:572][  0]LogDerivedDataCache: Saved boot cache 0.22s 71MB C:/Users/Виталий/AppData/Local/UnrealEngine/4.21/DerivedDataCache/Boot.ddc.
[2019.11.04-18.29.25:580][  0]LogInit: Texture streaming: Enabled
[2019.11.04-18.29.25:905][  0]LogInit: Using libcurl 7.55.1-DEV
[2019.11.04-18.29.25:905][  0]LogInit:  - built for x86_64-pc-win32
[2019.11.04-18.29.25:905][  0]LogInit:  - supports SSL with OpenSSL/1.0.2h
[2019.11.04-18.29.25:905][  0]LogInit:  - supports HTTP deflate (compression) using libz 1.2.8
[2019.11.04-18.29.25:905][  0]LogInit:  - other features:
[2019.11.04-18.29.25:905][  0]LogInit:      CURL_VERSION_SSL
[2019.11.04-18.29.25:905][  0]LogInit:      CURL_VERSION_LIBZ
[2019.11.04-18.29.25:905][  0]LogInit:      CURL_VERSION_IPV6
[2019.11.04-18.29.25:905][  0]LogInit:      CURL_VERSION_ASYNCHDNS
[2019.11.04-18.29.25:905][  0]LogInit:      CURL_VERSION_LARGEFILE
[2019.11.04-18.29.25:905][  0]LogInit:      CURL_VERSION_IDN
[2019.11.04-18.29.25:905][  0]LogInit:  CurlRequestOptions (configurable via config and command line):
[2019.11.04-18.29.25:905][  0]LogInit:  - bVerifyPeer = true  - Libcurl will verify peer certificate
[2019.11.04-18.29.25:905][  0]LogInit:  - bUseHttpProxy = false  - Libcurl will NOT use HTTP proxy
[2019.11.04-18.29.25:905][  0]LogInit:  - bDontReuseConnections = false  - Libcurl will reuse connections
[2019.11.04-18.29.25:905][  0]LogInit:  - MaxHostConnections = 16  - Libcurl will limit the number of connections to a host
[2019.11.04-18.29.25:905][  0]LogInit:  - LocalHostAddr = Default
[2019.11.04-18.29.25:905][  0]LogInit:  - BufferSize = 65536
[2019.11.04-18.29.25:922][  0]LogEngineSessionManager: EngineSessionManager initialized
[2019.11.04-18.29.25:946][  0]LogInit: Transaction tracking system initialized
[2019.11.04-18.29.25:995][  0]SourceControl: Source control is disabled
[2019.11.04-18.29.26:041][  0]BlueprintLog: New page: Editor Load
[2019.11.04-18.29.26:117][  0]LocalizationService: Localization service is disabled
[2019.11.04-18.29.26:372][  0]LogModuleManager: Warning: ModuleManager: Unable to load module 'TcpMessaging'  - 0 instances of that module name found.
[2019.11.04-18.29.26:410][  0]LogModuleManager: Warning: ModuleManager: Unable to load module 'TcpMessaging'  - 0 instances of that module name found.
[2019.11.04-18.29.26:741][  0]LogFileCache: Scanning file cache for directory 'F:/UE4/repos/BattleTank/StarterContent/Content/' took 0.01s
[2019.11.04-18.29.26:741][  0]LogCook: Display: Max memory allowance for cook 16384mb min free memory 0mb
[2019.11.04-18.29.26:741][  0]LogCook: Display: Mobile HDR setting 1
[2019.11.04-18.29.26:741][  0]LogGameplayTags: Display: UGameplayTagsManager::DoneAddingNativeTags. DelegateIsBound: 0
[2019.11.04-18.29.26:741][  0]LogStats: UGameplayTagsManager::ConstructGameplayTagTree: ImportINI prefixes -  0.000 s
[2019.11.04-18.29.26:741][  0]LogStats: UGameplayTagsManager::ConstructGameplayTagTree: Construct from data asset -  0.000 s
[2019.11.04-18.29.26:742][  0]LogStats: UGameplayTagsManager::ConstructGameplayTagTree: ImportINI -  0.000 s
[2019.11.04-18.29.26:742][  0]LogStats: UGameplayTagsManager::ConstructGameplayTagTree: GameplayTagTreeChangedEvent.Broadcast -  0.000 s
[2019.11.04-18.29.26:917][  0]SourceControl: Source control is disabled
[2019.11.04-18.29.26:917][  0]Cmd: MAP LOAD FILE="../../../../../../UE4/repos/BattleTank/StarterContent/Content/StarterContent/Maps/Minimal_Default.umap" TEMPLATE=0 SHOWPROGRESS=1 FEATURELEVEL=3
[2019.11.04-18.29.26:917][  0]LightingResults: New page: Lighting Build
[2019.11.04-18.29.26:920][  0]MapCheck: New page: Map Check
[2019.11.04-18.29.26:920][  0]LightingResults: New page: Lighting Build
[2019.11.04-18.29.27:333][  0]LogAIModule: Creating AISystem for world Minimal_Default
[2019.11.04-18.29.27:342][  0]LogEditorServer: Finished looking for orphan Actors (0.000 secs)
[2019.11.04-18.29.27:365][  0]Cmd: MAP CHECKDEP NOCLEARLOG
[2019.11.04-18.29.27:366][  0]MapCheck: Map check complete: 0 Error(s), 0 Warning(s), took 0,126ms to complete.
[2019.11.04-18.29.27:366][  0]LogFileHelpers: Loading map 'Minimal_Default' took 0.449
[2019.11.04-18.29.27:478][  0]LogSlate: Updating window title bar state: overlay mode, drag disabled, window buttons hidden, title bar hidden
[2019.11.04-18.29.27:490][  0]LogSlate: Updating window title bar state: overlay mode, drag disabled, window buttons hidden, title bar hidden
[2019.11.04-18.29.27:502][  0]LogSlate: Updating window title bar state: overlay mode, drag disabled, window buttons hidden, title bar hidden
[2019.11.04-18.29.27:515][  0]LogSlate: Updating window title bar state: overlay mode, drag disabled, window buttons hidden, title bar hidden
[2019.11.04-18.29.27:521][  0]LogCollectionManager: Loaded 0 collections in 0.001626 seconds
[2019.11.04-18.29.27:538][  0]LogFileCache: Scanning file cache for directory 'F:/UE4/repos/BattleTank/StarterContent/Saved/Collections/' took 0.01s
[2019.11.04-18.29.27:538][  0]LogFileCache: Scanning file cache for directory 'F:/UE4/repos/BattleTank/StarterContent/Content/Developers/Виталий/Collections/' took 0.00s
[2019.11.04-18.29.27:538][  0]LogFileCache: Scanning file cache for directory 'F:/UE4/repos/BattleTank/StarterContent/Content/Collections/' took 0.00s
[2019.11.04-18.29.27:538][  0]LogCollectionManager: Rebuilt the GUID cache for 0 collections in 0.000001 seconds
[2019.11.04-18.29.27:548][  0]LogContentBrowser: Native class hierarchy populated in 0.0106 seconds. Added 2336 classes and 406 folders.
[2019.11.04-18.29.27:555][  0]LogContentBrowser: Native class hierarchy updated for 'WidgetCarousel' in 0.0003 seconds. Added 0 classes and 0 folders.
[2019.11.04-18.29.27:557][  0]LogPakFile: Registered encryption key '00000000000000000000000000000000': 0 pak files mounted, 0 remain pending
[2019.11.04-18.29.27:558][  0]LogPakFile: Registered encryption key '00000000000000000000000000000000': 0 pak files mounted, 0 remain pending
[2019.11.04-18.29.27:558][  0]LogPakFile: Registered encryption key '00000000000000000000000000000000': 0 pak files mounted, 0 remain pending
[2019.11.04-18.29.27:559][  0]LogPakFile: Registered encryption key '00000000000000000000000000000000': 0 pak files mounted, 0 remain pending
[2019.11.04-18.29.27:559][  0]LogPakFile: Registered encryption key '00000000000000000000000000000000': 0 pak files mounted, 0 remain pending
[2019.11.04-18.29.27:560][  0]LogPakFile: Registered encryption key '00000000000000000000000000000000': 0 pak files mounted, 0 remain pending
[2019.11.04-18.29.27:560][  0]LogPakFile: Registered encryption key '00000000000000000000000000000000': 0 pak files mounted, 0 remain pending
[2019.11.04-18.29.27:561][  0]LogPakFile: Registered encryption key '00000000000000000000000000000000': 0 pak files mounted, 0 remain pending
[2019.11.04-18.29.27:561][  0]LogPakFile: Registered encryption key '00000000000000000000000000000000': 0 pak files mounted, 0 remain pending
[2019.11.04-18.29.27:562][  0]LogPakFile: Registered encryption key '00000000000000000000000000000000': 0 pak files mounted, 0 remain pending
[2019.11.04-18.29.27:563][  0]LogPakFile: Registered encryption key '00000000000000000000000000000000': 0 pak files mounted, 0 remain pending
[2019.11.04-18.29.27:563][  0]LogPakFile: Registered encryption key '00000000000000000000000000000000': 0 pak files mounted, 0 remain pending
[2019.11.04-18.29.27:564][  0]LogPakFile: Registered encryption key '00000000000000000000000000000000': 0 pak files mounted, 0 remain pending
[2019.11.04-18.29.27:564][  0]LogPakFile: Registered encryption key '00000000000000000000000000000000': 0 pak files mounted, 0 remain pending
[2019.11.04-18.29.27:565][  0]LogPakFile: Registered encryption key '00000000000000000000000000000000': 0 pak files mounted, 0 remain pending
[2019.11.04-18.29.27:565][  0]LogPakFile: Registered encryption key '00000000000000000000000000000000': 0 pak files mounted, 0 remain pending
[2019.11.04-18.29.27:566][  0]LogPakFile: Registered encryption key '00000000000000000000000000000000': 0 pak files mounted, 0 remain pending
[2019.11.04-18.29.27:567][  0]LogPakFile: Registered encryption key '00000000000000000000000000000000': 0 pak files mounted, 0 remain pending
[2019.11.04-18.29.27:567][  0]LogPakFile: Registered encryption key '00000000000000000000000000000000': 0 pak files mounted, 0 remain pending
[2019.11.04-18.29.27:568][  0]LogPakFile: Registered encryption key '00000000000000000000000000000000': 0 pak files mounted, 0 remain pending
[2019.11.04-18.29.27:568][  0]LogPakFile: Registered encryption key '00000000000000000000000000000000': 0 pak files mounted, 0 remain pending
[2019.11.04-18.29.27:569][  0]LogPakFile: Registered encryption key '00000000000000000000000000000000': 0 pak files mounted, 0 remain pending
[2019.11.04-18.29.27:569][  0]LogPakFile: Registered encryption key '00000000000000000000000000000000': 0 pak files mounted, 0 remain pending
[2019.11.04-18.29.27:570][  0]LogPakFile: Registered encryption key '00000000000000000000000000000000': 0 pak files mounted, 0 remain pending
[2019.11.04-18.29.27:570][  0]LogPakFile: Registered encryption key '00000000000000000000000000000000': 0 pak files mounted, 0 remain pending
[2019.11.04-18.29.27:571][  0]LogPakFile: Registered encryption key '00000000000000000000000000000000': 0 pak files mounted, 0 remain pending
[2019.11.04-18.29.27:601][  0]LogContentBrowser: Native class hierarchy updated for 'AddContentDialog' in 0.0003 seconds. Added 0 classes and 0 folders.
[2019.11.04-18.29.27:609][  0]LogContentBrowser: Native class hierarchy updated for 'SceneOutliner' in 0.0004 seconds. Added 1 classes and 2 folders.
[2019.11.04-18.29.27:787][  0]LogSlate: Took 0.000172 seconds to synchronously load lazily loaded font '../../../Engine/Content/Slate/Fonts/Roboto-Regular.ttf' (155K)
[2019.11.04-18.29.27:790][  0]LogSlate: Took 0.000256 seconds to synchronously load lazily loaded font '../../../Engine/Content/Slate/Fonts/Roboto-Bold.ttf' (160K)
[2019.11.04-18.29.27:797][  0]LogSlate: Took 0.000168 seconds to synchronously load lazily loaded font '../../../Engine/Content/Editor/Slate/Fonts/FontAwesome.ttf' (139K)
[2019.11.04-18.29.27:860][  0]LogRenderer: Reallocating scene render targets to support 1208x576 Format 10 NumSamples 1 (Frame:1).
[2019.11.04-18.29.27:974][  0]LogContentBrowser: Native class hierarchy updated for 'HierarchicalLODOutliner' in 0.0003 seconds. Added 0 classes and 0 folders.
[2019.11.04-18.29.27:974][  0]LogLoad: (Engine Initialization) Total time: 10.06 seconds
[2019.11.04-18.29.27:974][  0]LogLoad: (Engine Initialization) Total Blueprint compile time: 0.00 seconds
[2019.11.04-18.29.28:038][  0]LogContentStreaming: Texture pool size now 1000 MB
[2019.11.04-18.29.28:058][  0]LogSlate: Took 0.000182 seconds to synchronously load lazily loaded font '../../../Engine/Content/Slate/Fonts/Roboto-Light.ttf' (167K)
[2019.11.04-18.29.28:131][  2]LogAssetRegistry: Asset discovery search completed in 5.4543 seconds
[2019.11.04-18.29.28:131][  2]LogCollectionManager: Rebuilt the object cache for 0 collections in 0.000001 seconds (found 0 objects)
[2019.11.04-18.29.28:131][  2]LogCollectionManager: Fixed up redirectors for 0 collections in 0.000059 seconds (updated 0 objects)
[2019.11.04-18.29.34:591][593]LogSlate: FSceneViewport::OnFocusLost() reason 0
[2019.11.04-18.29.34:662][601]LogSlate: Window 'PluginsEditor' being destroyed
[2019.11.04-18.29.36:013][749]LogSlate: FSceneViewport::OnFocusLost() reason 0
[2019.11.04-18.29.52:478][522]LogSlate: Took 0.000205 seconds to synchronously load lazily loaded font '../../../Engine/Content/Slate/Fonts/Roboto-Light.ttf' (167K)
[2019.11.04-18.30.09:468][206]LogSlate: Window 'Asset Report' being destroyed
[2019.11.04-18.30.39:643][206]LogSlate: Window 'Message' being destroyed
[2019.11.04-18.30.39:648][206]LogAssetTools: Warning: Failed to copy ../../../../../../UE4/repos/BattleTank/StarterContent/Content/StarterContent/Particles/P_Explosion.uasset to F:/UE4/repos/BattleTank/StarterContent/Content/StarterContent/Particles/P_Explosion.uasset while migrating assets
[2019.11.04-18.30.39:649][206]LogAssetTools: Warning: Failed to copy ../../../../../../UE4/repos/BattleTank/StarterContent/Content/StarterContent/Particles/Materials/M_Burst.uasset to F:/UE4/repos/BattleTank/StarterContent/Content/StarterContent/Particles/Materials/M_Burst.uasset while migrating assets
[2019.11.04-18.30.39:649][206]LogAssetTools: Warning: Failed to copy ../../../../../../UE4/repos/BattleTank/StarterContent/Content/StarterContent/Textures/T_Burst_M.uasset to F:/UE4/repos/BattleTank/StarterContent/Content/StarterContent/Textures/T_Burst_M.uasset while migrating assets
[2019.11.04-18.30.39:650][206]LogAssetTools: Warning: Failed to copy ../../../../../../UE4/repos/BattleTank/StarterContent/Content/StarterContent/Particles/Materials/M_explosion_subUV.uasset to F:/UE4/repos/BattleTank/StarterContent/Content/StarterContent/Particles/Materials/M_explosion_subUV.uasset while migrating assets
[2019.11.04-18.30.39:650][206]LogAssetTools: Warning: Failed to copy ../../../../../../UE4/repos/BattleTank/StarterContent/Content/StarterContent/Textures/T_Explosion_SubUV.uasset to F:/UE4/repos/BattleTank/StarterContent/Content/StarterContent/Textures/T_Explosion_SubUV.uasset while migrating assets
[2019.11.04-18.30.39:650][206]LogAssetTools: Warning: Failed to copy ../../../../../../UE4/repos/BattleTank/StarterContent/Content/StarterContent/Particles/Materials/m_flare_01.uasset to F:/UE4/repos/BattleTank/StarterContent/Content/StarterContent/Particles/Materials/m_flare_01.uasset while migrating assets
[2019.11.04-18.30.39:650][206]LogAssetTools: Warning: Failed to copy ../../../../../../UE4/repos/BattleTank/StarterContent/Content/StarterContent/Particles/Materials/M_radial_ramp.uasset to F:/UE4/repos/BattleTank/StarterContent/Content/StarterContent/Particles/Materials/M_radial_ramp.uasset while migrating assets
[2019.11.04-18.30.39:650][206]LogAssetTools: Warning: Failed to copy ../../../../../../UE4/repos/BattleTank/StarterContent/Content/StarterContent/Particles/Materials/M_smoke_subUV.uasset to F:/UE4/repos/BattleTank/StarterContent/Content/StarterContent/Particles/Materials/M_smoke_subUV.uasset while migrating assets
[2019.11.04-18.30.39:650][206]LogAssetTools: Warning: Failed to copy ../../../../../../UE4/repos/BattleTank/StarterContent/Content/StarterContent/Textures/T_Smoke_SubUV.uasset to F:/UE4/repos/BattleTank/StarterContent/Content/StarterContent/Textures/T_Smoke_SubUV.uasset while migrating assets
[2019.11.04-18.30.39:651][206]LogAssetTools: Warning: Failed to copy ../../../../../../UE4/repos/BattleTank/StarterContent/Content/StarterContent/Textures/T_Smoke_Tiled_D.uasset to F:/UE4/repos/BattleTank/StarterContent/Content/StarterContent/Textures/T_Smoke_Tiled_D.uasset while migrating assets
[2019.11.04-18.30.39:664][206]AssetTools: New page: Copy Errors
[2019.11.04-18.30.39:664][206]AssetTools: Error: ../../../../../../UE4/repos/BattleTank/StarterContent/Content/StarterContent/Particles/P_Explosion.uasset
../../../../../../UE4/repos/BattleTank/StarterContent/Content/StarterContent/Particles/Materials/M_Burst.uasset
../../../../../../UE4/repos/BattleTank/StarterContent/Content/StarterContent/Textures/T_Burst_M.uasset
../../../../../../UE4/repos/BattleTank/StarterContent/Content/StarterContent/Particles/Materials/M_explosion_subUV.uasset
../../../../../../UE4/repos/BattleTank/StarterContent/Content/StarterContent/Textures/T_Explosion_SubUV.uasset
../../../../../../UE4/repos/BattleTank/StarterContent/Content/StarterContent/Particles/Materials/m_flare_01.uasset
../../../../../../UE4/repos/BattleTank/StarterContent/Content/StarterContent/Particles/Materials/M_radial_ramp.uasset
../../../../../../UE4/repos/BattleTank/StarterContent/Content/StarterContent/Particles/Materials/M_smoke_subUV.uasset
../../../../../../UE4/repos/BattleTank/StarterContent/Content/StarterContent/Textures/T_Smoke_SubUV.uasset
../../../../../../UE4/repos/BattleTank/StarterContent/Content/StarterContent/Textures/T_Smoke_Tiled_D.uasset

[2019.11.04-18.31.13:542][846]LogSlate: Window 'Asset Report' being destroyed
[2019.11.04-18.31.24:997][846]AssetTools: New page: Content migration completed successfully!
[2019.11.04-18.31.24:997][846]AssetTools: /Game/StarterContent/Particles/P_Explosion
[2019.11.04-18.31.24:997][846]AssetTools: /Game/StarterContent/Particles/Materials/M_Burst
[2019.11.04-18.31.24:997][846]AssetTools: /Game/StarterContent/Textures/T_Burst_M
[2019.11.04-18.31.24:997][846]AssetTools: /Game/StarterContent/Particles/Materials/M_explosion_subUV
[2019.11.04-18.31.24:997][846]AssetTools: /Game/StarterContent/Textures/T_Explosion_SubUV
[2019.11.04-18.31.24:997][846]AssetTools: /Game/StarterContent/Particles/Materials/m_flare_01
[2019.11.04-18.31.24:997][846]AssetTools: /Game/StarterContent/Particles/Materials/M_radial_ramp
[2019.11.04-18.31.24:997][846]AssetTools: /Game/StarterContent/Particles/Materials/M_smoke_subUV
[2019.11.04-18.31.24:997][846]AssetTools: /Game/StarterContent/Textures/T_Smoke_SubUV
[2019.11.04-18.31.24:997][846]AssetTools: /Game/StarterContent/Textures/T_Smoke_Tiled_D
[2019.11.04-18.31.28:020][158]LogSlate: Window 'StarterContent - Unreal Editor' being destroyed
[2019.11.04-18.31.28:021][158]LogWindowsTextInputMethodSystem: Display: IME system now deactivated.
[2019.11.04-18.31.28:227][159]Cmd: QUIT_EDITOR
[2019.11.04-18.31.28:265][159]LogSlate: Slate User Destroyed.  User Index 0, Is Virtual User: 0
[2019.11.04-18.31.28:266][159]LogExit: Preparing to exit.
[2019.11.04-18.31.28:310][159]LogExit: Editor shut down
[2019.11.04-18.31.28:310][159]LogExit: Transaction tracking system shut down
[2019.11.04-18.31.28:488][159]LogExit: Object subsystem successfully closed.
[2019.11.04-18.31.28:510][159]LogShaderCompilers: Display: Shaders left to compile 0
[2019.11.04-18.31.28:514][159]LogD3D11RHI: Shutdown
[2019.11.04-18.31.28:514][159]LogD3D11RHI: CleanupD3DDevice
[2019.11.04-18.31.28:516][159]LogD3D11RHI: ~FD3D11DynamicRHI
[2019.11.04-18.31.28:555][159]LogModuleManager: Shutting down and abandoning module HierarchicalLODOutliner (416)
[2019.11.04-18.31.28:555][159]LogModuleManager: Shutting down and abandoning module SceneOutliner (414)
[2019.11.04-18.31.28:555][159]LogModuleManager: Shutting down and abandoning module AddContentDialog (412)
[2019.11.04-18.31.28:556][159]LogModuleManager: Shutting down and abandoning module WidgetCarousel (411)
[2019.11.04-18.31.28:556][159]LogModuleManager: Shutting down and abandoning module EditorWidgets (408)
[2019.11.04-18.31.28:556][159]LogModuleManager: Shutting down and abandoning module CollectionManager (406)
[2019.11.04-18.31.28:556][159]LogModuleManager: Shutting down and abandoning module StatsViewer (404)
[2019.11.04-18.31.28:556][159]LogModuleManager: Shutting down and abandoning module FoliageEdit (402)
[2019.11.04-18.31.28:556][159]LogModuleManager: Shutting down and abandoning module LandscapeEditor (400)
[2019.11.04-18.31.28:557][159]LogModuleManager: Shutting down and abandoning module MeshPaintMode (398)
[2019.11.04-18.31.28:557][159]LogModuleManager: Shutting down and abandoning module MeshPaint (397)
[2019.11.04-18.31.28:557][159]LogModuleManager: Shutting down and abandoning module SceneDepthPickerMode (394)
[2019.11.04-18.31.28:557][159]LogModuleManager: Shutting down and abandoning module ActorPickerMode (392)
[2019.11.04-18.31.28:557][159]LogModuleManager: Shutting down and abandoning module GeometryMode (390)
[2019.11.04-18.31.28:557][159]LogModuleManager: Shutting down and abandoning module TextureAlignMode (388)
[2019.11.04-18.31.28:557][159]LogModuleManager: Shutting down and abandoning module BspMode (386)
[2019.11.04-18.31.28:557][159]LogModuleManager: Shutting down and abandoning module PlacementMode (384)
[2019.11.04-18.31.28:557][159]LogModuleManager: Shutting down and abandoning module MaterialEditor (383)
[2019.11.04-18.31.28:557][159]LogModuleManager: Shutting down and abandoning module PIEPreviewDeviceProfileSelector (380)
[2019.11.04-18.31.28:557][159]LogModuleManager: Shutting down and abandoning module SequenceRecorderSections (378)
[2019.11.04-18.31.28:557][159]LogModuleManager: Shutting down and abandoning module SequenceRecorder (376)
[2019.11.04-18.31.28:557][159]LogModuleManager: Shutting down and abandoning module AutomationWorker (374)
[2019.11.04-18.31.28:557][159]LogModuleManager: Shutting down and abandoning module Media (372)
[2019.11.04-18.31.28:563][159]LogModuleManager: Shutting down and abandoning module ActorSequenceEditor (370)
[2019.11.04-18.31.28:563][159]LogModuleManager: Shutting down and abandoning module SessionServices (368)
[2019.11.04-18.31.28:563][159]LogModuleManager: Shutting down and abandoning module ViewportSnapping (366)
[2019.11.04-18.31.28:563][159]LogModuleManager: Shutting down and abandoning module ViewportInteraction (364)
[2019.11.04-18.31.28:564][159]LogModuleManager: Shutting down and abandoning module ClothPainter (362)
[2019.11.04-18.31.28:564][159]LogModuleManager: Shutting down and abandoning module SkeletalMeshEditor (361)
[2019.11.04-18.31.28:564][159]LogModuleManager: Shutting down and abandoning module LogVisualizer (358)
[2019.11.04-18.31.28:564][159]LogModuleManager: Shutting down and abandoning module IntroTutorials (356)
[2019.11.04-18.31.28:564][159]LogModuleManager: Shutting down and abandoning module GameProjectGeneration (355)
[2019.11.04-18.31.28:564][159]LogModuleManager: Shutting down and abandoning module LuminPlatformEditor (352)
[2019.11.04-18.31.28:564][159]LogModuleManager: Shutting down and abandoning module IOSPlatformEditor (350)
[2019.11.04-18.31.28:564][159]LogModuleManager: Shutting down and abandoning module HTML5PlatformEditor (348)
[2019.11.04-18.31.28:564][159]LogModuleManager: Shutting down and abandoning module AndroidPlatformEditor (346)
[2019.11.04-18.31.28:564][159]LogModuleManager: Shutting down and abandoning module AndroidDeviceDetection (344)
[2019.11.04-18.31.29:503][159]LogModuleManager: Shutting down and abandoning module WindowsPlatformEditor (341)
[2019.11.04-18.31.29:503][159]LogModuleManager: Shutting down and abandoning module LuminRuntimeSettings (339)
[2019.11.04-18.31.29:503][159]LogModuleManager: Shutting down and abandoning module IOSRuntimeSettings (337)
[2019.11.04-18.31.29:503][159]LogModuleManager: Shutting down and abandoning module AndroidRuntimeSettings (335)
[2019.11.04-18.31.29:503][159]LogModuleManager: Shutting down and abandoning module TimeManagementEditor (333)
[2019.11.04-18.31.29:503][159]LogModuleManager: Shutting down and abandoning module InputBindingEditor (331)
[2019.11.04-18.31.29:503][159]LogModuleManager: Shutting down and abandoning module MergeActors (329)
[2019.11.04-18.31.29:503][159]LogModuleManager: Shutting down and abandoning module LocalizationDashboard (327)
[2019.11.04-18.31.29:503][159]LogModuleManager: Shutting down and abandoning module LocalizationService (326)
[2019.11.04-18.31.29:503][159]LogModuleManager: Shutting down and abandoning module HardwareTargeting (323)
[2019.11.04-18.31.29:504][159]LogModuleManager: Shutting down and abandoning module DeviceProfileEditor (321)
[2019.11.04-18.31.29:504][159]LogModuleManager: Shutting down and abandoning module UndoHistory (319)
[2019.11.04-18.31.29:504][159]LogModuleManager: Shutting down and abandoning module XmlParser (317)
[2019.11.04-18.31.29:504][159]LogModuleManager: Shutting down and abandoning module Blutility (315)
[2019.11.04-18.31.29:504][159]LogModuleManager: Shutting down and abandoning module ProjectSettingsViewer (313)
[2019.11.04-18.31.29:504][159]LogModuleManager: Shutting down and abandoning module ProjectTargetPlatformEditor (312)
[2019.11.04-18.31.29:504][159]LogModuleManager: Shutting down and abandoning module EditorSettingsViewer (309)
[2019.11.04-18.31.29:504][159]LogModuleManager: Shutting down and abandoning module SettingsEditor (307)
[2019.11.04-18.31.29:504][159]LogModuleManager: Shutting down and abandoning module ProjectLauncher (305)
[2019.11.04-18.31.29:505][159]LogModuleManager: Shutting down and abandoning module SessionFrontend (303)
[2019.11.04-18.31.29:505][159]LogModuleManager: Shutting down and abandoning module ProfilerClient (301)
[2019.11.04-18.31.29:505][159]LogModuleManager: Shutting down and abandoning module DeviceManager (299)
[2019.11.04-18.31.29:505][159]LogModuleManager: Shutting down and abandoning module TargetDeviceServices (298)
[2019.11.04-18.31.29:560][159]LogModuleManager: Shutting down and abandoning module AutomationController (295)
[2019.11.04-18.31.29:560][159]LogModuleManager: Shutting down and abandoning module AutomationWindow (293)
[2019.11.04-18.31.29:560][159]LogModuleManager: Shutting down and abandoning module Layers (291)
[2019.11.04-18.31.29:560][159]LogModuleManager: Shutting down and abandoning module ComponentVisualizers (289)
[2019.11.04-18.31.29:560][159]LogModuleManager: Shutting down and abandoning module DetailCustomizations (287)
[2019.11.04-18.31.29:560][159]LogModuleManager: Shutting down and abandoning module PackagesDialog (285)
[2019.11.04-18.31.29:560][159]LogModuleManager: Shutting down and abandoning module Persona (283)
[2019.11.04-18.31.29:561][159]LogModuleManager: Shutting down and abandoning module AdvancedPreviewScene (282)
[2019.11.04-18.31.29:561][159]LogModuleManager: Shutting down and abandoning module AnimGraph (280)
[2019.11.04-18.31.29:561][159]LogModuleManager: Shutting down and abandoning module Kismet (277)
[2019.11.04-18.31.29:561][159]LogModuleManager: Shutting down and abandoning module LevelEditor (276)
[2019.11.04-18.31.29:562][159]LogModuleManager: Shutting down and abandoning module PixelInspectorModule (275)
[2019.11.04-18.31.29:563][159]LogModuleManager: Shutting down and abandoning module CommonMenuExtensions (273)
[2019.11.04-18.31.29:563][159]LogModuleManager: Shutting down and abandoning module GraphEditor (269)
[2019.11.04-18.31.29:563][159]LogModuleManager: Shutting down and abandoning module ContentBrowser (267)
[2019.11.04-18.31.29:564][159]LogModuleManager: Shutting down and abandoning module ClassViewer (265)
[2019.11.04-18.31.29:565][159]LogModuleManager: Shutting down and abandoning module Toolbox (263)
[2019.11.04-18.31.29:565][159]LogModuleManager: Shutting down and abandoning module ModuleUI (261)
[2019.11.04-18.31.29:565][159]LogModuleManager: Shutting down and abandoning module MovieSceneTools (259)
[2019.11.04-18.31.29:565][159]LogModuleManager: Shutting down and abandoning module SourceControl (257)
[2019.11.04-18.31.29:565][159]LogModuleManager: Shutting down and abandoning module OutputLog (255)
[2019.11.04-18.31.29:565][159]LogModuleManager: Shutting down and abandoning module GammaUI (253)
[2019.11.04-18.31.29:565][159]LogModuleManager: Shutting down and abandoning module MainFrame (251)
[2019.11.04-18.31.29:565][159]LogModuleManager: Shutting down and abandoning module Documentation (249)
[2019.11.04-18.31.29:565][159]LogModuleManager: Shutting down and abandoning module MovieSceneTracks (247)
[2019.11.04-18.31.29:565][159]LogModuleManager: Shutting down and abandoning module MovieScene (245)
[2019.11.04-18.31.29:565][159]LogModuleManager: Shutting down and abandoning module StreamingPauseRendering (243)
[2019.11.04-18.31.29:566][159]LogModuleManager: Shutting down and abandoning module LauncherPlatform (241)
[2019.11.04-18.31.29:566][159]LogModuleManager: Shutting down and abandoning module AnalyticsET (239)
[2019.11.04-18.31.29:566][159]LogModuleManager: Shutting down and abandoning module HTTP (238)
[2019.11.04-18.31.29:566][159]LogHttp: Display: Http module shutting down, but needs to wait on 1 outstanding Http requests:
[2019.11.04-18.31.29:566][159]LogHttp: Display: 	verb=[POST] url=[https://datarouter.ol.epicgames.com/datarouter/api/v1/public/data?SessionID=%7BBF5EA459-4D1A-87CF-AE3F-119090CBD138%7D&AppID=UEEditor.Rocket.Release&AppVersion=4.21.2-4753647%2B%2B%2BUE4%2BRelease-4.21&UserID=bb828b1d4af346a20cf9c881a9b2d1a5%7Cb20bcdc3db3f45c7b5d1d50cd75defb7%7Ca31c06ad-6d5c-4e40-8e2f-07500ceb4db4&AppEnvironment=datacollector-binary&UploadType=eteventstream] status=Processing
[2019.11.04-18.31.29:598][159]LogModuleManager: Shutting down and abandoning module SSL (237)
[2019.11.04-18.31.29:601][159]LogModuleManager: Shutting down and abandoning module PortalServices (233)
[2019.11.04-18.31.29:602][159]LogModuleManager: Shutting down and abandoning module PortalRpc (231)
[2019.11.04-18.31.29:602][159]LogModuleManager: Shutting down and abandoning module MessagingRpc (229)
[2019.11.04-18.31.29:602][159]LogModuleManager: Shutting down and abandoning module AIModule (227)
[2019.11.04-18.31.29:602][159]LogModuleManager: Shutting down and abandoning module GameplayDebugger (226)
[2019.11.04-18.31.29:602][159]LogModuleManager: Shutting down and abandoning module AITestSuite (224)
[2019.11.04-18.31.29:602][159]LogModuleManager: Shutting down and abandoning module NavigationSystem (222)
[2019.11.04-18.31.29:602][159]LogModuleManager: Shutting down and abandoning module HotReload (219)
[2019.11.04-18.31.29:603][159]LogModuleManager: Shutting down and abandoning module DesktopPlatform (217)
[2019.11.04-18.31.29:603][159]LogModuleManager: Shutting down and abandoning module ImageWriteQueue (215)
[2019.11.04-18.31.29:608][159]LogModuleManager: Shutting down and abandoning module ProfilerService (213)
[2019.11.04-18.31.29:810][159]LogModuleManager: Shutting down and abandoning module TaskGraph (211)
[2019.11.04-18.31.29:810][159]LogModuleManager: Shutting down and abandoning module GeometryCacheTracks (209)
[2019.11.04-18.31.29:810][159]LogModuleManager: Shutting down and abandoning module GeometryCacheSequencer (207)
[2019.11.04-18.31.29:810][159]LogModuleManager: Shutting down and abandoning module AlembicImporter (205)
[2019.11.04-18.31.29:810][159]LogModuleManager: Shutting down and abandoning module AlembicLibrary (204)
[2019.11.04-18.31.29:810][159]LogModuleManager: Shutting down and abandoning module GeometryCache (203)
[2019.11.04-18.31.29:810][159]LogModuleManager: Shutting down and abandoning module GeometryCacheEd (202)
[2019.11.04-18.31.29:810][159]LogModuleManager: Shutting down and abandoning module ActorSequence (197)
[2019.11.04-18.31.29:810][159]LogModuleManager: Shutting down and abandoning module PacketHandler (195)
[2019.11.04-18.31.29:810][159]LogModuleManager: Shutting down and abandoning module ClothingSystemEditor (193)
[2019.11.04-18.31.29:811][159]LogModuleManager: Shutting down and abandoning module ClothingSystemRuntime (191)
[2019.11.04-18.31.29:811][159]LogModuleManager: Shutting down and abandoning module MediaAssets (189)
[2019.11.04-18.31.29:811][159]LogModuleManager: Shutting down and abandoning module Overlay (187)
[2019.11.04-18.31.29:811][159]LogModuleManager: Shutting down and abandoning module OverlayEditor (186)
[2019.11.04-18.31.29:811][159]LogModuleManager: Shutting down and abandoning module VREditor (183)
[2019.11.04-18.31.29:811][159]LogModuleManager: Shutting down and abandoning module StringTableEditor (181)
[2019.11.04-18.31.29:811][159]LogModuleManager: Shutting down and abandoning module GameplayTasksEditor (179)
[2019.11.04-18.31.29:811][159]LogModuleManager: Shutting down and abandoning module BehaviorTreeEditor (177)
[2019.11.04-18.31.29:811][159]LogModuleManager: Shutting down and abandoning module FunctionalTesting (175)
[2019.11.04-18.31.29:811][159]LogModuleManager: Shutting down and abandoning module CollisionAnalyzer (173)
[2019.11.04-18.31.29:811][159]LogModuleManager: Shutting down and abandoning module WorkspaceMenuStructure (172)
[2019.11.04-18.31.29:811][159]LogModuleManager: Shutting down and abandoning module UMG (169)
[2019.11.04-18.31.29:812][159]LogModuleManager: Shutting down and abandoning module UMGEditor (168)
[2019.11.04-18.31.29:812][159]LogModuleManager: Shutting down and abandoning module Sequencer (167)
[2019.11.04-18.31.29:812][159]LogModuleManager: Shutting down and abandoning module MessageLog (164)
[2019.11.04-18.31.29:812][159]LogModuleManager: Shutting down and abandoning module SlateReflector (159)
[2019.11.04-18.31.29:812][159]LogModuleManager: Shutting down and abandoning module Slate (157)
[2019.11.04-18.31.29:812][159]LogModuleManager: Shutting down and abandoning module EditorStyle (155)
[2019.11.04-18.31.29:816][159]LogModuleManager: Shutting down and abandoning module MRMesh (153)
[2019.11.04-18.31.29:816][159]LogModuleManager: Shutting down and abandoning module SourceCodeAccess (151)
[2019.11.04-18.31.29:816][159]LogModuleManager: Shutting down and abandoning module HeadMountedDisplay (149)
[2019.11.04-18.31.29:816][159]LogModuleManager: Shutting down and abandoning module XAudio2 (147)
[2019.11.04-18.31.29:816][159]LogModuleManager: Shutting down and abandoning module Networking (145)
[2019.11.04-18.31.29:816][159]LogModuleManager: Shutting down and abandoning module Core (141)
[2019.11.04-18.31.29:816][159]LogModuleManager: Shutting down and abandoning module LevelSequence (139)
[2019.11.04-18.31.29:816][159]LogModuleManager: Shutting down and abandoning module KismetCompiler (137)
[2019.11.04-18.31.29:817][159]LogModuleManager: Shutting down and abandoning module MeshUtilities (135)
[2019.11.04-18.31.29:817][159]LogModuleManager: Shutting down and abandoning module MeshMergeUtilities (134)
[2019.11.04-18.31.29:817][159]LogModuleManager: Shutting down and abandoning module MeshReductionInterface (133)
[2019.11.04-18.31.29:817][159]LogModuleManager: Shutting down and abandoning module SimplygonSwarm (132)
[2019.11.04-18.31.29:817][159]LogModuleManager: Shutting down and abandoning module SimplygonMeshReduction (130)
[2019.11.04-18.31.29:817][159]LogModuleManager: Shutting down and abandoning module QuadricMeshReduction (128)
[2019.11.04-18.31.29:817][159]LogModuleManager: Shutting down and abandoning module MaterialBaking (124)
[2019.11.04-18.31.29:817][159]LogModuleManager: Shutting down and abandoning module DirectoryWatcher (120)
[2019.11.04-18.31.29:817][159]LogModuleManager: Shutting down and abandoning module DerivedDataCache (117)
[2019.11.04-18.31.29:838][159]LogDerivedDataCache: Shutdown
[2019.11.04-18.31.29:838][159]LogModuleManager: Shutting down and abandoning module XGEController (115)
[2019.11.04-18.31.29:838][159]LogModuleManager: Shutting down and abandoning module TargetPlatform (113)
[2019.11.04-18.31.29:838][159]LogModuleManager: Shutting down and abandoning module VulkanShaderFormat (112)
[2019.11.04-18.31.29:838][159]LogModuleManager: Shutting down and abandoning module ShaderFormatVectorVM (110)
[2019.11.04-18.31.29:838][159]LogModuleManager: Shutting down and abandoning module ShaderFormatOpenGL (108)
[2019.11.04-18.31.29:838][159]LogModuleManager: Shutting down and abandoning module ShaderFormatD3D (106)
[2019.11.04-18.31.29:839][159]LogModuleManager: Shutting down and abandoning module MetalShaderFormat (104)
[2019.11.04-18.31.29:839][159]LogModuleManager: Shutting down and abandoning module TextureFormatUncompressed (102)
[2019.11.04-18.31.29:839][159]LogModuleManager: Shutting down and abandoning module TextureFormatPVR (100)
[2019.11.04-18.31.29:839][159]LogModuleManager: Shutting down and abandoning module TextureFormatDXT (98)
[2019.11.04-18.31.29:839][159]LogModuleManager: Shutting down and abandoning module TextureFormatIntelISPCTexComp (96)
[2019.11.04-18.31.29:839][159]LogModuleManager: Shutting down and abandoning module TextureFormatASTC (94)
[2019.11.04-18.31.29:839][159]LogModuleManager: Shutting down and abandoning module ImageWrapper (93)
[2019.11.04-18.31.29:839][159]LogModuleManager: Shutting down and abandoning module TextureFormatAndroid (90)
[2019.11.04-18.31.29:839][159]LogModuleManager: Shutting down and abandoning module AudioFormatOpus (88)
[2019.11.04-18.31.29:839][159]LogModuleManager: Shutting down and abandoning module AudioFormatOgg (86)
[2019.11.04-18.31.29:839][159]LogModuleManager: Shutting down and abandoning module AudioFormatADPCM (84)
[2019.11.04-18.31.29:839][159]LogModuleManager: Shutting down and abandoning module LuminTargetPlatform (82)
[2019.11.04-18.31.29:841][159]LogModuleManager: Shutting down and abandoning module LinuxTargetPlatform (80)
[2019.11.04-18.31.29:841][159]LogModuleManager: Shutting down and abandoning module LinuxServerTargetPlatform (78)
[2019.11.04-18.31.29:841][159]LogModuleManager: Shutting down and abandoning module LinuxNoEditorTargetPlatform (76)
[2019.11.04-18.31.29:841][159]LogModuleManager: Shutting down and abandoning module LinuxClientTargetPlatform (74)
[2019.11.04-18.31.29:841][159]LogModuleManager: Shutting down and abandoning module TVOSTargetPlatform (72)
[2019.11.04-18.31.29:843][159]LogModuleManager: Shutting down and abandoning module Messaging (70)
[2019.11.04-18.31.29:843][159]LogModuleManager: Shutting down and abandoning module IOSTargetPlatform (68)
[2019.11.04-18.31.29:844][159]LogModuleManager: Shutting down and abandoning module HTML5TargetPlatform (66)
[2019.11.04-18.31.29:844][159]LogModuleManager: Shutting down and abandoning module AndroidTargetPlatform (64)
[2019.11.04-18.31.29:857][159]LogModuleManager: Shutting down and abandoning module WindowsTargetPlatform (62)
[2019.11.04-18.31.29:857][159]LogModuleManager: Shutting down and abandoning module WindowsServerTargetPlatform (60)
[2019.11.04-18.31.29:857][159]LogModuleManager: Shutting down and abandoning module WindowsNoEditorTargetPlatform (58)
[2019.11.04-18.31.29:857][159]LogModuleManager: Shutting down and abandoning module WindowsClientTargetPlatform (56)
[2019.11.04-18.31.29:857][159]LogModuleManager: Shutting down and abandoning module MacTargetPlatform (54)
[2019.11.04-18.31.29:857][159]LogModuleManager: Shutting down and abandoning module MacServerTargetPlatform (52)
[2019.11.04-18.31.29:857][159]LogModuleManager: Shutting down and abandoning module MacNoEditorTargetPlatform (50)
[2019.11.04-18.31.29:857][159]LogModuleManager: Shutting down and abandoning module MacClientTargetPlatform (48)
[2019.11.04-18.31.29:857][159]LogModuleManager: Shutting down and abandoning module AllDesktopTargetPlatform (46)
[2019.11.04-18.31.29:857][159]LogModuleManager: Shutting down and abandoning module InputCore (43)
[2019.11.04-18.31.29:857][159]LogModuleManager: Shutting down and abandoning module Settings (41)
[2019.11.04-18.31.29:857][159]LogModuleManager: Shutting down and abandoning module PhysXCooking (39)
[2019.11.04-18.31.29:857][159]LogModuleManager: Shutting down and abandoning module AnimationModifiers (36)
[2019.11.04-18.31.29:858][159]LogModuleManager: Shutting down and abandoning module PropertyEditor (35)
[2019.11.04-18.31.29:858][159]LogModuleManager: Shutting down and abandoning module AudioEditor (32)
[2019.11.04-18.31.29:858][159]LogModuleManager: Shutting down and abandoning module TextureCompressor (30)
[2019.11.04-18.31.29:858][159]LogModuleManager: Shutting down and abandoning module ShaderCore (28)
[2019.11.04-18.31.29:858][159]LogModuleManager: Shutting down and abandoning module Landscape (26)
[2019.11.04-18.31.29:858][159]LogModuleManager: Shutting down and abandoning module SlateRHIRenderer (24)
[2019.11.04-18.31.29:859][159]LogModuleManager: Shutting down and abandoning module OpenGLDrv (22)
[2019.11.04-18.31.29:859][159]LogModuleManager: Shutting down and abandoning module D3D11RHI (20)
[2019.11.04-18.31.29:859][159]LogModuleManager: Shutting down and abandoning module AnimGraphRuntime (18)
[2019.11.04-18.31.29:859][159]LogModuleManager: Shutting down and abandoning module Renderer (16)
[2019.11.04-18.31.29:859][159]LogModuleManager: Shutting down and abandoning module Engine (14)
[2019.11.04-18.31.29:859][159]LogModuleManager: Shutting down and abandoning module CoreUObject (12)
[2019.11.04-18.31.29:859][159]LogModuleManager: Shutting down and abandoning module NetworkFile (10)
[2019.11.04-18.31.29:859][159]LogModuleManager: Shutting down and abandoning module CookedIterativeFile (8)
[2019.11.04-18.31.29:859][159]LogModuleManager: Shutting down and abandoning module StreamingFile (6)
[2019.11.04-18.31.29:859][159]LogModuleManager: Shutting down and abandoning module SandboxFile (4)
[2019.11.04-18.31.29:859][159]LogModuleManager: Shutting down and abandoning module PakFile (2)
[2019.11.04-18.31.29:872][159]LogExit: Exiting.
[2019.11.04-18.31.29:913][159]Log file closed, 11/05/19 00:31:29
